0 info it worked if it ends with ok
1 verbose cli [ 'C:\\Program Files\\nodejs\\\\node.exe',
1 verbose cli   'C:\\Program Files\\nodejs\\node_modules\\npm\\bin\\npm-cli.js',
1 verbose cli   'install',
1 verbose cli   '-g',
1 verbose cli   'webdriver-manager' ]
2 info using npm@1.4.9
3 info using node@v0.10.28
4 verbose node symlink C:\Program Files\nodejs\\node.exe
5 verbose cache add [ 'webdriver-manager', null ]
6 verbose cache add name=undefined spec="webdriver-manager" args=["webdriver-manager",null]
7 verbose parsed url { protocol: null,
7 verbose parsed url   slashes: null,
7 verbose parsed url   auth: null,
7 verbose parsed url   host: null,
7 verbose parsed url   port: null,
7 verbose parsed url   hostname: null,
7 verbose parsed url   hash: null,
7 verbose parsed url   search: null,
7 verbose parsed url   query: null,
7 verbose parsed url   pathname: 'webdriver-manager',
7 verbose parsed url   path: 'webdriver-manager',
7 verbose parsed url   href: 'webdriver-manager' }
8 silly lockFile 56806f4b-webdriver-manager webdriver-manager
9 verbose lock webdriver-manager C:\Users\yoeri_000\AppData\Roaming\npm-cache\56806f4b-webdriver-manager.lock
10 silly lockFile 56806f4b-webdriver-manager webdriver-manager
11 silly lockFile 56806f4b-webdriver-manager webdriver-manager
12 verbose addNamed [ 'webdriver-manager', '' ]
13 verbose addNamed [ null, '*' ]
14 silly lockFile 3ee93e3a-webdriver-manager webdriver-manager@
15 verbose lock webdriver-manager@ C:\Users\yoeri_000\AppData\Roaming\npm-cache\3ee93e3a-webdriver-manager.lock
16 silly addNameRange { name: 'webdriver-manager', range: '*', hasData: false }
17 verbose url raw webdriver-manager
18 verbose url resolving [ 'https://registry.npmjs.org/', './webdriver-manager' ]
19 verbose url resolved https://registry.npmjs.org/webdriver-manager
20 info trying registry request attempt 1 at 09:30:36
21 http GET https://registry.npmjs.org/webdriver-manager
22 http 404 https://registry.npmjs.org/webdriver-manager
23 verbose headers { date: 'Tue, 13 May 2014 07:30:41 GMT',
23 verbose headers   server: 'CouchDB/1.5.0 (Erlang OTP/R14B04)',
23 verbose headers   'content-type': 'application/json',
23 verbose headers   via: '1.1 varnish',
23 verbose headers   'cache-control': 'max-age=0',
23 verbose headers   'content-length': '52',
23 verbose headers   'accept-ranges': 'bytes',
23 verbose headers   age: '0',
23 verbose headers   'x-served-by': 'cache-v41-ASH, cache-fra1223-FRA',
23 verbose headers   'x-cache': 'MISS, MISS',
23 verbose headers   'x-cache-hits': '0, 0',
23 verbose headers   'x-timer': 'S1399966241.633699417,VS0,VS45,VE53,VE96',
23 verbose headers   'keep-alive': 'timeout=10, max=50',
23 verbose headers   connection: 'Keep-Alive' }
24 silly registry.get cb [ 404,
24 silly registry.get   { date: 'Tue, 13 May 2014 07:30:41 GMT',
24 silly registry.get     server: 'CouchDB/1.5.0 (Erlang OTP/R14B04)',
24 silly registry.get     'content-type': 'application/json',
24 silly registry.get     via: '1.1 varnish',
24 silly registry.get     'cache-control': 'max-age=0',
24 silly registry.get     'content-length': '52',
24 silly registry.get     'accept-ranges': 'bytes',
24 silly registry.get     age: '0',
24 silly registry.get     'x-served-by': 'cache-v41-ASH, cache-fra1223-FRA',
24 silly registry.get     'x-cache': 'MISS, MISS',
24 silly registry.get     'x-cache-hits': '0, 0',
24 silly registry.get     'x-timer': 'S1399966241.633699417,VS0,VS45,VE53,VE96',
24 silly registry.get     'keep-alive': 'timeout=10, max=50',
24 silly registry.get     connection: 'Keep-Alive' } ]
25 silly lockFile 3ee93e3a-webdriver-manager webdriver-manager@
26 silly lockFile 3ee93e3a-webdriver-manager webdriver-manager@
27 error 404 404 Not Found: webdriver-manager
27 error 404
27 error 404 'webdriver-manager' is not in the npm registry.
27 error 404 You should bug the author to publish it
27 error 404
27 error 404 Note that you can also install from a
27 error 404 tarball, folder, or http url, or git url.
28 error System Windows_NT 6.2.9200
29 error command "C:\\Program Files\\nodejs\\\\node.exe" "C:\\Program Files\\nodejs\\node_modules\\npm\\bin\\npm-cli.js" "install" "-g" "webdriver-manager"
30 error cwd C:\Users\yoeri_000\Desktop\EenCooleWebsite
31 error node -v v0.10.28
32 error npm -v 1.4.9
33 error code E404
34 verbose exit [ 1, true ]
